This file contains any messages produced by compilers while
running configure, to aid debugging if configure makes a mistake.

It was created by mist_engine configure 1.0.0_final, which was
generated by GNU Autoconf 2.63.  Invocation command line was

  $ ./configure --prefix /home/andrew/work/cmake/kedr_snippet/mist_gen/mist_engine

## --------- ##
## Platform. ##
## --------- ##

hostname = andrew-desktop
uname -m = i686
uname -r = 2.6.27-7-generic
uname -s = Linux
uname -v = #1 SMP Tue Nov 4 19:33:20 UTC 2008

/usr/bin/uname -p = unknown
/bin/uname -X     = unknown

/bin/arch              = unknown
/usr/bin/arch -k       = unknown
/usr/convex/getsysinfo = unknown
/usr/bin/hostinfo      = unknown
/bin/machine           = unknown
/usr/bin/oslevel       = unknown
/bin/universe          = unknown

PATH: /home/andrew/downloads/docbook-xsl-1.74.3/tools/bin
PATH: /usr/local/sbin
PATH: /usr/local/bin
PATH: /usr/sbin
PATH: /usr/bin
PATH: /sbin
PATH: /bin
PATH: /usr/games


## ----------- ##
## Core tests. ##
## ----------- ##

configure:1862: checking for a BSD-compatible install
configure:1930: result: /usr/bin/install -c
configure:1941: checking whether build environment is sane
configure:2001: result: yes
configure:2142: checking for a thread-safe mkdir -p
configure:2181: result: /bin/mkdir -p
configure:2194: checking for gawk
configure:2224: result: no
configure:2194: checking for mawk
configure:2210: found /usr/bin/mawk
configure:2221: result: mawk
configure:2232: checking whether make sets $(MAKE)
configure:2254: result: yes
configure:2331: checking how to create a ustar tar archive
configure:2344: tar --version
tar (GNU tar) 1.20
Copyright (C) 2008 Free Software Foundation, Inc.
License GPLv3+: GNU GPL version 3 or later <http://gnu.org/licenses/gpl.html>
This is free software: you are free to change and redistribute it.
There is NO WARRANTY, to the extent permitted by law.

Written by John Gilmore and Jay Fenlason.
configure:2347: $? = 0
configure:2387: tardir=conftest.dir && eval tar --format=ustar -chf - "$tardir" >conftest.tar
configure:2390: $? = 0
configure:2394: tar -xf - <conftest.tar
configure:2397: $? = 0
configure:2410: result: gnutar
configure:2437: checking build system type
configure:2455: result: i686-pc-linux-gnu
configure:2477: checking host system type
configure:2492: result: i686-pc-linux-gnu
configure:2562: checking for gcc
configure:2578: found /usr/bin/gcc
configure:2589: result: gcc
configure:2821: checking for C compiler version
configure:2829: gcc --version >&5
gcc (Ubuntu 4.3.2-1ubuntu12) 4.3.2
Copyright (C) 2008 Free Software Foundation, Inc.
This is free software; see the source for copying conditions.  There is NO
warranty; not even for MERCHANTABILITY or FITNESS FOR A PARTICULAR PURPOSE.

configure:2833: $? = 0
configure:2840: gcc -v >&5
Using built-in specs.
Target: i486-linux-gnu
Configured with: ../src/configure -v --with-pkgversion='Ubuntu 4.3.2-1ubuntu12' --with-bugurl=file:///usr/share/doc/gcc-4.3/README.Bugs --enable-languages=c,c++,fortran,objc,obj-c++ --prefix=/usr --enable-shared --with-system-zlib --libexecdir=/usr/lib --without-included-gettext --enable-threads=posix --enable-nls --with-gxx-include-dir=/usr/include/c++/4.3 --program-suffix=-4.3 --enable-clocale=gnu --enable-libstdcxx-debug --enable-objc-gc --enable-mpfr --enable-targets=all --enable-checking=release --build=i486-linux-gnu --host=i486-linux-gnu --target=i486-linux-gnu
Thread model: posix
gcc version 4.3.2 (Ubuntu 4.3.2-1ubuntu12) 
configure:2844: $? = 0
configure:2851: gcc -V >&5
gcc: '-V' option must have argument
configure:2855: $? = 1
configure:2878: checking for C compiler default output file name
configure:2900: gcc -Wall -g -O2 -DNDEBUG   conftest.c  >&5
configure:2904: $? = 0
configure:2942: result: a.out
configure:2961: checking whether the C compiler works
configure:2971: ./a.out
configure:2975: $? = 0
configure:2994: result: yes
configure:3001: checking whether we are cross compiling
configure:3003: result: no
configure:3006: checking for suffix of executables
configure:3013: gcc -o conftest -Wall -g -O2 -DNDEBUG   conftest.c  >&5
configure:3017: $? = 0
configure:3043: result: 
configure:3049: checking for suffix of object files
configure:3075: gcc -c -Wall -g -O2 -DNDEBUG  conftest.c >&5
configure:3079: $? = 0
configure:3104: result: o
configure:3108: checking whether we are using the GNU C compiler
configure:3137: gcc -c -Wall -g -O2 -DNDEBUG  conftest.c >&5
configure:3144: $? = 0
configure:3161: result: yes
configure:3170: checking whether gcc accepts -g
configure:3200: gcc -c -g  conftest.c >&5
configure:3207: $? = 0
configure:3308: result: yes
configure:3325: checking for gcc option to accept ISO C89
configure:3399: gcc  -c -Wall -g -O2 -DNDEBUG  conftest.c >&5
configure:3406: $? = 0
configure:3429: result: none needed
configure:3458: checking for style of include used by make
configure:3486: result: GNU
configure:3511: checking dependency style of gcc
configure:3621: result: gcc3
configure:3648: checking for gcc option to accept ISO C99
configure:3807: gcc  -c -Wall -g -O2 -DNDEBUG  conftest.c >&5
conftest.c:60: error: expected ';', ',' or ')' before 'text'
conftest.c: In function 'main':
conftest.c:112: warning: implicit declaration of function 'test_restrict'
conftest.c:114: error: expected '=', ',', ';', 'asm' or '__attribute__' before 'newvar'
conftest.c:114: error: 'newvar' undeclared (first use in this function)
conftest.c:114: error: (Each undeclared identifier is reported only once
conftest.c:114: error: for each function it appears in.)
conftest.c:124: error: 'for' loop initial declaration used outside C99 mode
configure:3814: $? = 1
configure: failed program was:
| /* confdefs.h.  */
| #define PACKAGE_NAME "mist_engine"
| #define PACKAGE_TARNAME "mist_engine"
| #define PACKAGE_VERSION "1.0.0_final"
| #define PACKAGE_STRING "mist_engine 1.0.0_final"
| #define PACKAGE_BUGREPORT "http://sourceforge.net/projects/template2code/develop"
| #define PACKAGE "mist_engine"
| #define VERSION "1.0.0_final"
| /* end confdefs.h.  */
| #include <stdarg.h>
| #include <stdbool.h>
| #include <stdlib.h>
| #include <wchar.h>
| #include <stdio.h>
| 
| // Check varargs macros.  These examples are taken from C99 6.10.3.5.
| #define debug(...) fprintf (stderr, __VA_ARGS__)
| #define showlist(...) puts (#__VA_ARGS__)
| #define report(test,...) ((test) ? puts (#test) : printf (__VA_ARGS__))
| static void
| test_varargs_macros (void)
| {
|   int x = 1234;
|   int y = 5678;
|   debug ("Flag");
|   debug ("X = %d\n", x);
|   showlist (The first, second, and third items.);
|   report (x>y, "x is %d but y is %d", x, y);
| }
| 
| // Check long long types.
| #define BIG64 18446744073709551615ull
| #define BIG32 4294967295ul
| #define BIG_OK (BIG64 / BIG32 == 4294967297ull && BIG64 % BIG32 == 0)
| #if !BIG_OK
|   your preprocessor is broken;
| #endif
| #if BIG_OK
| #else
|   your preprocessor is broken;
| #endif
| static long long int bignum = -9223372036854775807LL;
| static unsigned long long int ubignum = BIG64;
| 
| struct incomplete_array
| {
|   int datasize;
|   double data[];
| };
| 
| struct named_init {
|   int number;
|   const wchar_t *name;
|   double average;
| };
| 
| typedef const char *ccp;
| 
| static inline int
| test_restrict (ccp restrict text)
| {
|   // See if C++-style comments work.
|   // Iterate through items via the restricted pointer.
|   // Also check for declarations in for loops.
|   for (unsigned int i = 0; *(text+i) != '\0'; ++i)
|     continue;
|   return 0;
| }
| 
| // Check varargs and va_copy.
| static void
| test_varargs (const char *format, ...)
| {
|   va_list args;
|   va_start (args, format);
|   va_list args_copy;
|   va_copy (args_copy, args);
| 
|   const char *str;
|   int number;
|   float fnumber;
| 
|   while (*format)
|     {
|       switch (*format++)
| 	{
| 	case 's': // string
| 	  str = va_arg (args_copy, const char *);
| 	  break;
| 	case 'd': // int
| 	  number = va_arg (args_copy, int);
| 	  break;
| 	case 'f': // float
| 	  fnumber = va_arg (args_copy, double);
| 	  break;
| 	default:
| 	  break;
| 	}
|     }
|   va_end (args_copy);
|   va_end (args);
| }
| 
| int
| main ()
| {
| 
|   // Check bool.
|   _Bool success = false;
| 
|   // Check restrict.
|   if (test_restrict ("String literal") == 0)
|     success = true;
|   char *restrict newvar = "Another string";
| 
|   // Check varargs.
|   test_varargs ("s, d' f .", "string", 65, 34.234);
|   test_varargs_macros ();
| 
|   // Check flexible array members.
|   struct incomplete_array *ia =
|     malloc (sizeof (struct incomplete_array) + (sizeof (double) * 10));
|   ia->datasize = 10;
|   for (int i = 0; i < ia->datasize; ++i)
|     ia->data[i] = i * 1.234;
| 
|   // Check named initializers.
|   struct named_init ni = {
|     .number = 34,
|     .name = L"Test wide string",
|     .average = 543.34343,
|   };
| 
|   ni.number = 58;
| 
|   int dynamic_array[ni.number];
|   dynamic_array[ni.number - 1] = 543;
| 
|   // work around unused variable warnings
|   return (!success || bignum == 0LL || ubignum == 0uLL || newvar[0] == 'x'
| 	  || dynamic_array[ni.number - 1] != 543);
| 
|   ;
|   return 0;
| }
configure:3807: gcc -std=gnu99 -c -Wall -g -O2 -DNDEBUG  conftest.c >&5
configure:3814: $? = 0
configure:3844: result: -std=gnu99
configure:3899: checking for ranlib
configure:3915: found /usr/bin/ranlib
configure:3926: result: ranlib
configure:3951: checking if we are building on MS Windows OS with MinGW
configure:3975: result: no
configure:4122: checking whether ln -s works
configure:4126: result: yes
configure:4346: creating ./config.status

## ---------------------- ##
## Running config.status. ##
## ---------------------- ##

This file was extended by mist_engine config.status 1.0.0_final, which was
generated by GNU Autoconf 2.63.  Invocation command line was

  CONFIG_FILES    = 
  CONFIG_HEADERS  = 
  CONFIG_LINKS    = 
  CONFIG_COMMANDS = 
  $ ./config.status 

on andrew-desktop

config.status:788: creating Makefile
config.status:788: creating src/Makefile
config.status:788: creating src/mist_engine.h
config.status:788: creating src/mist_engine.rc
config.status:788: creating config.h
config.status:1010: config.h is unchanged
config.status:1062: executing depfiles commands

## ---------------- ##
## Cache variables. ##
## ---------------- ##

ac_cv_build=i686-pc-linux-gnu
ac_cv_c_compiler_gnu=yes
ac_cv_env_CC_set=
ac_cv_env_CC_value=
ac_cv_env_CFLAGS_set=
ac_cv_env_CFLAGS_value=
ac_cv_env_CPPFLAGS_set=
ac_cv_env_CPPFLAGS_value=
ac_cv_env_LDFLAGS_set=
ac_cv_env_LDFLAGS_value=
ac_cv_env_LIBS_set=
ac_cv_env_LIBS_value=
ac_cv_env_build_alias_set=
ac_cv_env_build_alias_value=
ac_cv_env_host_alias_set=
ac_cv_env_host_alias_value=
ac_cv_env_target_alias_set=
ac_cv_env_target_alias_value=
ac_cv_host=i686-pc-linux-gnu
ac_cv_objext=o
ac_cv_path_install='/usr/bin/install -c'
ac_cv_path_mkdir=/bin/mkdir
ac_cv_prog_AWK=mawk
ac_cv_prog_ac_ct_CC=gcc
ac_cv_prog_ac_ct_RANLIB=ranlib
ac_cv_prog_cc_c89=
ac_cv_prog_cc_c99=-std=gnu99
ac_cv_prog_cc_g=yes
ac_cv_prog_make_make_set=yes
am_cv_CC_dependencies_compiler_type=gcc3
am_cv_prog_tar_ustar=gnutar

## ----------------- ##
## Output variables. ##
## ----------------- ##

ACLOCAL='${SHELL} /home/andrew/work/cmake/kedr_snippet/mist_gen/src/mist_engine/build-aux/missing --run aclocal-1.11'
AMDEPBACKSLASH='\'
AMDEP_FALSE='#'
AMDEP_TRUE=''
AMTAR='${SHELL} /home/andrew/work/cmake/kedr_snippet/mist_gen/src/mist_engine/build-aux/missing --run tar'
AUTOCONF='${SHELL} /home/andrew/work/cmake/kedr_snippet/mist_gen/src/mist_engine/build-aux/missing --run autoconf'
AUTOHEADER='${SHELL} /home/andrew/work/cmake/kedr_snippet/mist_gen/src/mist_engine/build-aux/missing --run autoheader'
AUTOMAKE='${SHELL} /home/andrew/work/cmake/kedr_snippet/mist_gen/src/mist_engine/build-aux/missing --run automake-1.11'
AWK='mawk'
CC='gcc -std=gnu99'
CCDEPMODE='depmode=gcc3'
CC_PLAIN='gcc'
CFLAGS='-Wall -g -O2 -DNDEBUG'
CPPFLAGS=''
CYGPATH_W='echo'
DEFS='-DHAVE_CONFIG_H'
DEPDIR='.deps'
ECHO_C=''
ECHO_N='-n'
ECHO_T=''
EXEEXT=''
GCC_HAS_FVISIBILITY_FALSE='#'
GCC_HAS_FVISIBILITY_TRUE=''
INSTALL_DATA='${INSTALL} -m 644'
INSTALL_PROGRAM='${INSTALL}'
INSTALL_SCRIPT='${INSTALL}'
INSTALL_STRIP_PROGRAM='$(install_sh) -c -s'
LDFLAGS=''
LIBOBJS=''
LIBS=''
LN_S='ln -s'
LTLIBOBJS=''
MAKEINFO='${SHELL} /home/andrew/work/cmake/kedr_snippet/mist_gen/src/mist_engine/build-aux/missing --run makeinfo'
MIST_ENGINE_VERSION_MAJOR='1'
MIST_ENGINE_VERSION_MICRO='0'
MIST_ENGINE_VERSION_MINOR='0'
MKDIR_P='/bin/mkdir -p'
MS_LIB_AVAILABLE_FALSE=''
MS_LIB_AVAILABLE_TRUE='#'
OBJEXT='o'
OS_LINUX_FALSE='#'
OS_LINUX_TRUE=''
OS_WINDOWS_FALSE=''
OS_WINDOWS_TRUE='#'
OS_WINDOWS_X64_FALSE=''
OS_WINDOWS_X64_TRUE='#'
PACKAGE='mist_engine'
PACKAGE_BUGREPORT='http://sourceforge.net/projects/template2code/develop'
PACKAGE_NAME='mist_engine'
PACKAGE_STRING='mist_engine 1.0.0_final'
PACKAGE_TARNAME='mist_engine'
PACKAGE_VERSION='1.0.0_final'
PATH_SEPARATOR=':'
RANLIB='ranlib'
SET_MAKE=''
SHELL='/bin/bash'
STRIP=''
VERSION='1.0.0_final'
WINDRES=''
WIN_MACHINE_ARCH='X86'
ac_ct_CC='gcc'
am__EXEEXT_FALSE=''
am__EXEEXT_TRUE='#'
am__fastdepCC_FALSE='#'
am__fastdepCC_TRUE=''
am__include='include'
am__isrc=''
am__leading_dot='.'
am__quote=''
am__tar='tar --format=ustar -chf - "$$tardir"'
am__untar='tar -xf -'
bindir='${exec_prefix}/bin'
build='i686-pc-linux-gnu'
build_alias=''
build_cpu='i686'
build_os='linux-gnu'
build_vendor='pc'
datadir='${datarootdir}'
datarootdir='${prefix}/share'
docdir='${datarootdir}/doc/${PACKAGE_TARNAME}'
dvidir='${docdir}'
exec_prefix='${prefix}'
host='i686-pc-linux-gnu'
host_alias=''
host_cpu='i686'
host_os='linux-gnu'
host_vendor='pc'
htmldir='${docdir}'
includedir='${prefix}/include'
infodir='${datarootdir}/info'
install_sh='${SHELL} /home/andrew/work/cmake/kedr_snippet/mist_gen/src/mist_engine/build-aux/install-sh'
libdir='${exec_prefix}/lib'
libexecdir='${exec_prefix}/libexec'
localedir='${datarootdir}/locale'
localstatedir='${prefix}/var'
mandir='${datarootdir}/man'
mkdir_p='/bin/mkdir -p'
ms_lib_exe=''
oldincludedir='/usr/include'
pdfdir='${docdir}'
prefix='/home/andrew/work/cmake/kedr_snippet/mist_gen/mist_engine'
program_transform_name='s,x,x,'
psdir='${docdir}'
sbindir='${exec_prefix}/sbin'
sharedstatedir='${prefix}/com'
sysconfdir='${prefix}/etc'
target_alias=''

## ----------- ##
## confdefs.h. ##
## ----------- ##

#define PACKAGE_NAME "mist_engine"
#define PACKAGE_TARNAME "mist_engine"
#define PACKAGE_VERSION "1.0.0_final"
#define PACKAGE_STRING "mist_engine 1.0.0_final"
#define PACKAGE_BUGREPORT "http://sourceforge.net/projects/template2code/develop"
#define PACKAGE "mist_engine"
#define VERSION "1.0.0_final"

configure: exit 0
